<?xml version="1.0" encoding="UTF-8"?>
<!-- Generated by org.testng.reporters.JUnitReportReporter -->
<testsuite hostname="DESKTOP-IC4TUNG" failures="0" tests="2" name="com.sgtesting.annotationsummary.AnnotationsSummary" time="0.012" errors="0" timestamp="2022-11-08T10:48:11 IST" skipped="0">
  <testcase classname="com.sgtesting.annotationsummary.AnnotationsSummary" name="method1" time="0.009"/>
  <system-out/>
  <testcase classname="com.sgtesting.annotationsummary.AnnotationsSummary" name="method2" time="0.003"/>
  <system-out/>
</testsuite> <!-- com.sgtesting.annotationsummary.AnnotationsSummary -->
